2018-12-09T11:40:02.944Z [message] info: Listening on port 3000...
2018-12-09T11:40:03.987Z [message] info: Connected to MongoDB...
2018-12-09T12:46:16.888Z [message] info: Listening on port 3000...
2018-12-09T12:46:18.199Z [message] info: Listening on port 3000...
2018-12-09T12:46:19.248Z [message] info: Connected to MongoDB...
2018-12-09T12:58:38.684Z [message] info: Listening on port 3000...
2018-12-09T12:58:39.737Z [message] info: Connected to MongoDB...
2018-12-09T15:44:27.165Z [message] info: Listening on port 3000...
2018-12-09T15:44:28.443Z [message] info: Listening on port 3000...
2018-12-09T15:44:29.490Z [message] info: Connected to MongoDB...
2018-12-15T20:14:52.083Z [message] info: Listening on port 3000...
2018-12-15T20:14:52.595Z [message] error: Authentication failed.
2018-12-15T20:15:32.491Z [message] info: Listening on port 3000...
2018-12-15T20:15:32.525Z [message] error: connection 0 to localhost:3000 closed
2018-12-15T20:16:06.590Z [message] info: Listening on port 3000...
2018-12-15T20:16:07.632Z [message] info: Connected to MongoDB...
2018-12-15T20:17:52.010Z [message] info: Listening on port 3000...
2018-12-15T20:17:52.479Z [message] error: Authentication failed.
2018-12-15T20:19:40.055Z [message] info: Listening on port 3000...
2018-12-15T20:19:40.896Z [message] error: Authentication failed.
2018-12-15T20:20:14.662Z [message] error: Unescaped at-sign in authority section
2018-12-15T20:20:14.666Z [message] info: Listening on port 3000...
2018-12-15T20:20:32.221Z [message] error: Unescaped at-sign in authority section
2018-12-15T20:20:32.228Z [message] info: Listening on port 3000...
2018-12-15T20:22:56.373Z [message] info: Listening on port 3000...
2018-12-15T20:22:56.820Z [message] error: Authentication failed.
2018-12-15T20:24:34.556Z [message] info: Listening on port 3000...
2018-12-15T20:24:35.102Z [message] info: Connected to MongoDB...
2018-12-15T20:24:46.638Z [message] info: ::1 - - [15/Dec/2018:20:24:46 +0000] "POST /users/si HTTP/1.1" 404 148 "-" "Mozilla/5.0 (Windows NT 10.0; Win64; x64) AppleWebKit/537.36 (KHTML, like Gecko) Chrome/70.0.3538.110 Safari/537.36"

2018-12-15T20:24:51.829Z [message] info: ::1 - - [15/Dec/2018:20:24:51 +0000] "POST /users/signup HTTP/1.1" 400 18 "-" "Mozilla/5.0 (Windows NT 10.0; Win64; x64) AppleWebKit/537.36 (KHTML, like Gecko) Chrome/70.0.3538.110 Safari/537.36"

2018-12-15T20:25:09.164Z [message] info: ::1 - - [15/Dec/2018:20:25:09 +0000] "POST /users/signup HTTP/1.1" 200 40 "-" "Mozilla/5.0 (Windows NT 10.0; Win64; x64) AppleWebKit/537.36 (KHTML, like Gecko) Chrome/70.0.3538.110 Safari/537.36"

2018-12-15T20:25:46.789Z [message] info: Listening on port 3000...
2018-12-15T20:25:47.431Z [message] info: Connected to MongoDB...
2018-12-15T20:25:54.855Z [message] info: Listening on port 3000...
2018-12-15T20:25:55.353Z [message] info: Connected to MongoDB...
2018-12-15T20:26:03.057Z [message] info: Listening on port 3000...
2018-12-15T20:26:04.099Z [message] info: Connected to MongoDB...
2018-12-15T20:32:35.978Z [message] info: Listening on port 3000...
2018-12-15T20:32:37.020Z [message] info: Connected to MongoDB...
2018-12-15T20:32:49.681Z [message] info: Listening on port 3000...
2018-12-15T20:32:50.724Z [message] info: Connected to MongoDB...
2018-12-15T20:32:58.550Z [message] info: Listening on port 3000...
2018-12-15T20:32:59.596Z [message] info: Connected to MongoDB...
2018-12-15T20:33:08.174Z [message] info: Listening on port 3000...
2018-12-15T20:33:09.219Z [message] info: Connected to MongoDB...
2018-12-15T20:36:46.145Z [message] info: Listening on port 5000...
2018-12-15T20:36:47.195Z [message] info: Connected to MongoDB...
